<?xml version="1.0" encoding="UTF-8"?>
<!-- Generated by org.testng.reporters.JUnitReportReporter -->
<testsuite skipped="0" hostname="GB" name="bingTest.BingTest" tests="1" failures="0" timestamp="18 Jan 2023 15:25:48 GMT" time="8.761" errors="0">
  <testcase name="verifyBingTest" time="8.761" classname="bingTest.BingTest"/>
</testsuite> <!-- bingTest.BingTest -->
