<?xml version="1.0" encoding="UTF-8"?>
<!-- Generated by org.testng.reporters.JUnitReportReporter -->
<testsuite skipped="0" hostname="GB" name="googleTest.GoogleTest" tests="1" failures="0" timestamp="18 Jan 2023 15:25:48 GMT" time="14.955" errors="0">
  <testcase name="verifyGoogleTest" time="14.955" classname="googleTest.GoogleTest"/>
</testsuite> <!-- googleTest.GoogleTest -->
